
[60984] signal 15: Terminated
in expression starting at /data/djxg096/SquarePXPDynamics.jl/scripts/pxp_larger_d_ed_benchmark.jl:84
pthread_cond_wait at /lib64/libpthread.so.0 (unknown line)
uv_cond_wait at /workspace/srcdir/libuv/src/unix/thread.c:822
ijl_task_get_next at /cache/build/builder-amdci5-3/julialang/julia-release-1-dot-12/src/scheduler.c:523
poptask at ./task.jl:1216
wait at ./task.jl:1228
#wait#398 at ./condition.jl:141
_trywait at ./asyncevent.jl:163
profile_printing_listener at ./Base.jl:332
#start_profile_listener##0 at ./Base.jl:352
jfptr_YY.start_profile_listenerYY.YY.0_6779.1 at /localhome/djxg096/.julia/juliaup/julia-1.12.5+0.x64.linux.gnu/lib/julia/sys.so (unknown line)
jl_apply at /cache/build/builder-amdci5-3/julialang/julia-release-1-dot-12/src/julia.h:2391 [inlined]
start_task at /cache/build/builder-amdci5-3/julialang/julia-release-1-dot-12/src/task.c:1252
unknown function (ip: (nil)) at (unknown file)
+ at ./int.jl:87 [inlined]
macro expansion at /cache/build/builder-amdci5-3/julialang/julia-release-1-dot-12/usr/share/julia/stdlib/v1.12/SparseArrays/src/sparsematrix.jl:3221 [inlined]
macro expansion at ./simdloop.jl:77 [inlined]
_setindex_scalar! at /cache/build/builder-amdci5-3/julialang/julia-release-1-dot-12/usr/share/julia/stdlib/v1.12/SparseArrays/src/sparsematrix.jl:3220
setindex! at /cache/build/builder-amdci5-3/julialang/julia-release-1-dot-12/usr/share/julia/stdlib/v1.12/SparseArrays/src/sparsematrix.jl:3192 [inlined]
setindex! at ./subarray.jl:386 [inlined]
_accumulate! at /localhome/djxg096/.julia/packages/EDKit/rTJ6l/src/Operator.jl:439 [inlined]
colmn! at /localhome/djxg096/.julia/packages/EDKit/rTJ6l/src/Operator.jl:485
colmn! at /localhome/djxg096/.julia/packages/EDKit/rTJ6l/src/Operator.jl:529
colmn! at /localhome/djxg096/.julia/packages/EDKit/rTJ6l/src/Operator.jl:525 [inlined]
addto! at /localhome/djxg096/.julia/packages/EDKit/rTJ6l/src/Operator.jl:174 [inlined]
sparse at /localhome/djxg096/.julia/packages/EDKit/rTJ6l/src/Operator.jl:214
unknown function (ip: 0x7f0255ef1339) at (unknown file)
run_pxp_ed_benchmark at /data/djxg096/SquarePXPDynamics.jl/src/FinitePXPEEDBenchmark.jl:544
macro expansion at /data/djxg096/SquarePXPDynamics.jl/src/PXPValidation.jl:1522 [inlined]
macro expansion at ./timing.jl:461 [inlined]
#run_pxp_larger_d_benchmark#103 at /data/djxg096/SquarePXPDynamics.jl/src/PXPValidation.jl:1521
run_pxp_larger_d_benchmark at /data/djxg096/SquarePXPDynamics.jl/src/PXPValidation.jl:1511
unknown function (ip: 0x7f0255ea095c) at (unknown file)
jl_apply at /cache/build/builder-amdci5-3/julialang/julia-release-1-dot-12/src/julia.h:2391 [inlined]
do_call at /cache/build/builder-amdci5-3/julialang/julia-release-1-dot-12/src/interpreter.c:123
eval_value at /cache/build/builder-amdci5-3/julialang/julia-release-1-dot-12/src/interpreter.c:243
eval_stmt_value at /cache/build/builder-amdci5-3/julialang/julia-release-1-dot-12/src/interpreter.c:194 [inlined]
eval_body at /cache/build/builder-amdci5-3/julialang/julia-release-1-dot-12/src/interpreter.c:707
jl_interpret_toplevel_thunk at /cache/build/builder-amdci5-3/julialang/julia-release-1-dot-12/src/interpreter.c:898
jl_toplevel_eval_flex at /cache/build/builder-amdci5-3/julialang/julia-release-1-dot-12/src/toplevel.c:1035
jl_toplevel_eval_flex at /cache/build/builder-amdci5-3/julialang/julia-release-1-dot-12/src/toplevel.c:975
ijl_toplevel_eval at /cache/build/builder-amdci5-3/julialang/julia-release-1-dot-12/src/toplevel.c:1047
ijl_toplevel_eval_in at /cache/build/builder-amdci5-3/julialang/julia-release-1-dot-12/src/toplevel.c:1092
eval at ./boot.jl:489
include_string at ./loading.jl:2870
_include at ./loading.jl:2930
include at ./Base.jl:306
exec_options at ./client.jl:317
_start at ./client.jl:550
jfptr__start_74358.1 at /localhome/djxg096/.julia/juliaup/julia-1.12.5+0.x64.linux.gnu/lib/julia/sys.so (unknown line)
jl_apply at /cache/build/builder-amdci5-3/julialang/julia-release-1-dot-12/src/julia.h:2391 [inlined]
true_main at /cache/build/builder-amdci5-3/julialang/julia-release-1-dot-12/src/jlapi.c:971
jl_repl_entrypoint at /cache/build/builder-amdci5-3/julialang/julia-release-1-dot-12/src/jlapi.c:1139
main at /cache/build/builder-amdci5-3/julialang/julia-release-1-dot-12/cli/loader_exe.c:58
__libc_start_main at /lib64/libc.so.6 (unknown line)
unknown function (ip: 0x4010b8) at /workspace/srcdir/glibc-2.17/csu/../sysdeps/x86_64/start.S
unknown function (ip: (nil)) at (unknown file)
Allocations: 604958476 (Pool: 604957704; Big: 772); GC: 122
